X_axis
0      6
1     24
2     48
3     96
4    144
5    192
6    240
Name: VC, dtype: int64
sets_tp_mean
0    3632.596667
1    6159.760000
2    7214.910000
3    7616.446667
4    7567.986667
5    7459.506667
6    7538.540000
dtype: float64
sets_tp_std
0    71.216615
1    39.468453
2    42.374000
3    33.633291
4    95.705359
5    36.074742
6    42.298795
dtype: float64
sets_tp_IL
0    3869.756866
1    6168.670766
2    7232.646851
3    7618.659169
4    7546.391991
5    7460.774839
6    7540.776304
dtype: float64
sets_rt_mean
0     1.550485
1     3.890627
2     6.636575
3    12.600642
4    19.081967
5    25.734592
6    31.826962
Name: BJMEAN, dtype: float64
sets_tp_std
0    0.198310
1    0.024935
2    0.016639
3    0.054919
4    0.198897
5    0.124731
6    0.172807
Name: BJSTDEV, dtype: float64