X_axis
[  4  16  32  64  96 128 160]
GET operations TP, wt = 64
[ 1017.30893466  3126.2604784   3998.01244253  4528.37165729  4679.49091328
  5818.37931551  5129.67810513]
GET operations TP_STDEV, wt = 64
[0.0, 0.096773076986189449, 0.0, 0.25353827621560787, 0.31997654546299048, 1.2863947487819003, 0.42576682574339203]
SET operations TP, wt = 64
[  1042.89035498   4031.08604606   5805.17552046   7350.18627824
   8954.56980611   9775.77174138  10349.76210041]
SET operations TP_STDEV, wt = 64
[0.020483006922353518, 0.22084088245760844, 0.0, 0.89048033040627705, 0.31942358166949775, 0.51617635467247502, 0.12810742358467353]
GET operations Corrected RT, wt = 64
[  871.11808006  2829.35455349  3857.28061716  4513.66441375  4756.67462198
  5947.63295051  5268.24128545]
SET operations Corrected RT, wt = 64
[   891.53046062   3506.20891161   5358.69783643   7223.47629797
   8908.54818504   9884.80597207  10601.05789724]
GET operations RT, wt = 64
[2.5918000000000001, 3.6549999999999998, 6.2959999999999994, 12.179166666666667, 18.182166666666664, 19.521166666666662, 28.370666666666665]
GET operations RT_STDEV, wt = 64
[0.10833725121120624, 0.14811256980193591, 0.26479803624649478, 0.6369310315009693, 0.95479917900164979, 0.65080140766767092, 1.3069112016081621]
SET operations RT, wt = 64
[2.4866666666666664, 2.5633333333333335, 3.9716, 6.8599999999999994, 8.7761666666666667, 10.949166666666668, 13.092833333333331]
SET operations RT, wt = 64
[0.11164477397332837, 0.11167462658196903, 0.18772277432426779, 0.19382294325835966, 0.51391647073127433, 0.45014457554089105, 0.44166443395662064]