X_axis
0     2
1     8
2    16
3    32
4    48
5    64
6    80
Name: VC, dtype: int64
sets_tp_mean
0     2199.023333
1     6295.673333
2     8895.410000
3    11206.196667
4    12219.390000
5    13025.653333
6    13286.000000
dtype: float64
sets_tp_std
0     50.655211
1     13.968258
2     77.420909
3     55.836816
4    158.041881
5    205.462766
6     60.404835
dtype: float64
sets_tp_IL
0     2214.352677
1     6315.302456
2     8915.444647
3    11245.885289
4    12181.074028
5    12945.681396
6    13296.532957
dtype: float64
sets_rt_mean
0    0.903198
1    1.266764
2    1.794638
3    2.845485
4    3.940539
5    4.943734
6    6.016606
Name: BJMEAN, dtype: float64
sets_tp_std
0    0.020912
1    0.002738
2    0.006535
3    0.009770
4    0.038746
5    0.019004
6    0.027001
Name: BJSTDEV, dtype: float64