This is pdfTeX, Version 3.14159265-2.6-1.40.16 (TeX Live 2015/Debian) (preloaded format=pdflatex 2017.12.6)  18 DEC 2017 16:40
entering extended mode
 restricted \write18 enabled.
 %&-line parsing enabled.
**report.tex
(./report.tex
LaTeX2e <2016/02/01>
Babel <3.9q> and hyphenation patterns for 3 language(s) loaded.
(/usr/share/texlive/texmf-dist/tex/latex/base/article.cls
Document Class: article 2014/09/29 v1.4h Standard LaTeX document class
(/usr/share/texlive/texmf-dist/tex/latex/base/size11.clo
File: size11.clo 2014/09/29 v1.4h Standard LaTeX file (size option)
)
\c@part=\count79
\c@section=\count80
\c@subsection=\count81
\c@subsubsection=\count82
\c@paragraph=\count83
\c@subparagraph=\count84
\c@figure=\count85
\c@table=\count86
\abovecaptionskip=\skip41
\belowcaptionskip=\skip42
\bibindent=\dimen102
)
(/usr/share/texlive/texmf-dist/tex/latex/preprint/fullpage.sty
Package: fullpage 1999/02/23 1.1 (PWD)
\FP@margin=\skip43
)
(/usr/share/texlive/texmf-dist/tex/latex/hyperref/hyperref.sty
Package: hyperref 2012/11/06 v6.83m Hypertext links for LaTeX

(/usr/share/texlive/texmf-dist/tex/generic/oberdiek/hobsub-hyperref.sty
Package: hobsub-hyperref 2012/05/28 v1.13 Bundle oberdiek, subset hyperref (HO)


(/usr/share/texlive/texmf-dist/tex/generic/oberdiek/hobsub-generic.sty
Package: hobsub-generic 2012/05/28 v1.13 Bundle oberdiek, subset generic (HO)
Package: hobsub 2012/05/28 v1.13 Construct package bundles (HO)
Package: infwarerr 2010/04/08 v1.3 Providing info/warning/error messages (HO)
Package: ltxcmds 2011/11/09 v1.22 LaTeX kernel commands for general use (HO)
Package: ifluatex 2010/03/01 v1.3 Provides the ifluatex switch (HO)
Package ifluatex Info: LuaTeX not detected.
Package: ifvtex 2010/03/01 v1.5 Detect VTeX and its facilities (HO)
Package ifvtex Info: VTeX not detected.
Package: intcalc 2007/09/27 v1.1 Expandable calculations with integers (HO)
Package: ifpdf 2011/01/30 v2.3 Provides the ifpdf switch (HO)
Package ifpdf Info: pdfTeX in PDF mode is detected.
Package: etexcmds 2011/02/16 v1.5 Avoid name clashes with e-TeX commands (HO)
Package etexcmds Info: Could not find \expanded.
(etexcmds)             That can mean that you are not using pdfTeX 1.50 or
(etexcmds)             that some package has redefined \expanded.
(etexcmds)             In the latter case, load this package earlier.
Package: kvsetkeys 2012/04/25 v1.16 Key value parser (HO)
Package: kvdefinekeys 2011/04/07 v1.3 Define keys (HO)
Package: pdftexcmds 2011/11/29 v0.20 Utility functions of pdfTeX for LuaTeX (HO
)
Package pdftexcmds Info: LuaTeX not detected.
Package pdftexcmds Info: \pdf@primitive is available.
Package pdftexcmds Info: \pdf@ifprimitive is available.
Package pdftexcmds Info: \pdfdraftmode found.
Package: pdfescape 2011/11/25 v1.13 Implements pdfTeX's escape features (HO)
Package: bigintcalc 2012/04/08 v1.3 Expandable calculations on big integers (HO
)
Package: bitset 2011/01/30 v1.1 Handle bit-vector datatype (HO)
Package: uniquecounter 2011/01/30 v1.2 Provide unlimited unique counter (HO)
)
Package hobsub Info: Skipping package `hobsub' (already loaded).
Package: letltxmacro 2010/09/02 v1.4 Let assignment for LaTeX macros (HO)
Package: hopatch 2012/05/28 v1.2 Wrapper for package hooks (HO)
Package: xcolor-patch 2011/01/30 xcolor patch
Package: atveryend 2011/06/30 v1.8 Hooks at the very end of document (HO)
Package atveryend Info: \enddocument detected (standard20110627).
Package: atbegshi 2011/10/05 v1.16 At begin shipout hook (HO)
Package: refcount 2011/10/16 v3.4 Data extraction from label references (HO)
Package: hycolor 2011/01/30 v1.7 Color options for hyperref/bookmark (HO)
)
(/usr/share/texlive/texmf-dist/tex/latex/graphics/keyval.sty
Package: keyval 2014/10/28 v1.15 key=value parser (DPC)
\KV@toks@=\toks14
)
(/usr/share/texlive/texmf-dist/tex/generic/ifxetex/ifxetex.sty
Package: ifxetex 2010/09/12 v0.6 Provides ifxetex conditional
)
(/usr/share/texlive/texmf-dist/tex/latex/oberdiek/auxhook.sty
Package: auxhook 2011/03/04 v1.3 Hooks for auxiliary files (HO)
)
(/usr/share/texlive/texmf-dist/tex/latex/oberdiek/kvoptions.sty
Package: kvoptions 2011/06/30 v3.11 Key value format for package options (HO)
)
\@linkdim=\dimen103
\Hy@linkcounter=\count87
\Hy@pagecounter=\count88

(/usr/share/texlive/texmf-dist/tex/latex/hyperref/pd1enc.def
File: pd1enc.def 2012/11/06 v6.83m Hyperref: PDFDocEncoding definition (HO)
)
\Hy@SavedSpaceFactor=\count89

(/usr/share/texlive/texmf-dist/tex/latex/latexconfig/hyperref.cfg
File: hyperref.cfg 2002/06/06 v1.2 hyperref configuration of TeXLive
)
Package hyperref Info: Hyper figures OFF on input line 4443.
Package hyperref Info: Link nesting OFF on input line 4448.
Package hyperref Info: Hyper index ON on input line 4451.
Package hyperref Info: Plain pages OFF on input line 4458.
Package hyperref Info: Backreferencing OFF on input line 4463.
Package hyperref Info: Implicit mode ON; LaTeX internals redefined.
Package hyperref Info: Bookmarks ON on input line 4688.
\c@Hy@tempcnt=\count90

(/usr/share/texlive/texmf-dist/tex/latex/url/url.sty
\Urlmuskip=\muskip10
Package: url 2013/09/16  ver 3.4  Verb mode for urls, etc.
)
LaTeX Info: Redefining \url on input line 5041.
\XeTeXLinkMargin=\dimen104
\Fld@menulength=\count91
\Field@Width=\dimen105
\Fld@charsize=\dimen106
Package hyperref Info: Hyper figures OFF on input line 6295.
Package hyperref Info: Link nesting OFF on input line 6300.
Package hyperref Info: Hyper index ON on input line 6303.
Package hyperref Info: backreferencing OFF on input line 6310.
Package hyperref Info: Link coloring OFF on input line 6315.
Package hyperref Info: Link coloring with OCG OFF on input line 6320.
Package hyperref Info: PDF/A mode OFF on input line 6325.
LaTeX Info: Redefining \ref on input line 6365.
LaTeX Info: Redefining \pageref on input line 6369.
\Hy@abspage=\count92
\c@Item=\count93
\c@Hfootnote=\count94
)

Package hyperref Message: Driver (autodetected): hpdftex.

(/usr/share/texlive/texmf-dist/tex/latex/hyperref/hpdftex.def
File: hpdftex.def 2012/11/06 v6.83m Hyperref driver for pdfTeX
\Fld@listcount=\count95
\c@bookmark@seq@number=\count96

(/usr/share/texlive/texmf-dist/tex/latex/oberdiek/rerunfilecheck.sty
Package: rerunfilecheck 2011/04/15 v1.7 Rerun checks for auxiliary files (HO)
Package uniquecounter Info: New unique counter `rerunfilecheck' on input line 2
82.
)
\Hy@SectionHShift=\skip44
)
(/usr/share/texlive/texmf-dist/tex/latex/graphics/graphicx.sty
Package: graphicx 2014/10/28 v1.0g Enhanced LaTeX Graphics (DPC,SPQR)

(/usr/share/texlive/texmf-dist/tex/latex/graphics/graphics.sty
Package: graphics 2016/01/03 v1.0q Standard LaTeX Graphics (DPC,SPQR)

(/usr/share/texlive/texmf-dist/tex/latex/graphics/trig.sty
Package: trig 2016/01/03 v1.10 sin cos tan (DPC)
)
(/usr/share/texlive/texmf-dist/tex/latex/latexconfig/graphics.cfg
File: graphics.cfg 2010/04/23 v1.9 graphics configuration of TeX Live
)
Package graphics Info: Driver file: pdftex.def on input line 95.

(/usr/share/texlive/texmf-dist/tex/latex/pdftex-def/pdftex.def
File: pdftex.def 2011/05/27 v0.06d Graphics/color for pdfTeX
\Gread@gobject=\count97
))
\Gin@req@height=\dimen107
\Gin@req@width=\dimen108
)
(/usr/share/texlive/texmf-dist/tex/latex/amsmath/amsmath.sty
Package: amsmath 2016/03/03 v2.15a AMS math features
\@mathmargin=\skip45

For additional information on amsmath, use the `?' option.
(/usr/share/texlive/texmf-dist/tex/latex/amsmath/amstext.sty
Package: amstext 2000/06/29 v2.01 AMS text

(/usr/share/texlive/texmf-dist/tex/latex/amsmath/amsgen.sty
File: amsgen.sty 1999/11/30 v2.0 generic functions
\@emptytoks=\toks15
\ex@=\dimen109
))
(/usr/share/texlive/texmf-dist/tex/latex/amsmath/amsbsy.sty
Package: amsbsy 1999/11/29 v1.2d Bold Symbols
\pmbraise@=\dimen110
)
(/usr/share/texlive/texmf-dist/tex/latex/amsmath/amsopn.sty
Package: amsopn 1999/12/14 v2.01 operator names
)
\inf@bad=\count98
LaTeX Info: Redefining \frac on input line 199.
\uproot@=\count99
\leftroot@=\count100
LaTeX Info: Redefining \overline on input line 297.
\classnum@=\count101
\DOTSCASE@=\count102
LaTeX Info: Redefining \ldots on input line 394.
LaTeX Info: Redefining \dots on input line 397.
LaTeX Info: Redefining \cdots on input line 518.
\Mathstrutbox@=\box26
\strutbox@=\box27
\big@size=\dimen111
LaTeX Font Info:    Redeclaring font encoding OML on input line 630.
LaTeX Font Info:    Redeclaring font encoding OMS on input line 631.
\macc@depth=\count103
\c@MaxMatrixCols=\count104
\dotsspace@=\muskip11
\c@parentequation=\count105
\dspbrk@lvl=\count106
\tag@help=\toks16
\row@=\count107
\column@=\count108
\maxfields@=\count109
\andhelp@=\toks17
\eqnshift@=\dimen112
\alignsep@=\dimen113
\tagshift@=\dimen114
\tagwidth@=\dimen115
\totwidth@=\dimen116
\lineht@=\dimen117
\@envbody=\toks18
\multlinegap=\skip46
\multlinetaggap=\skip47
\mathdisplay@stack=\toks19
LaTeX Info: Redefining \[ on input line 2735.
LaTeX Info: Redefining \] on input line 2736.
)
(/usr/share/texlive/texmf-dist/tex/latex/caption/subcaption.sty
Package: subcaption 2016/02/20 v1.1-142 Sub-captions (AR)

(/usr/share/texlive/texmf-dist/tex/latex/caption/caption.sty
Package: caption 2016/02/21 v3.3-144 Customizing captions (AR)

(/usr/share/texlive/texmf-dist/tex/latex/caption/caption3.sty
Package: caption3 2016/02/04 v1.7-139 caption3 kernel (AR)
Package caption3 Info: TeX engine: e-TeX on input line 67.
\captionmargin=\dimen118
\captionmargin@=\dimen119
\captionwidth=\dimen120
\caption@tempdima=\dimen121
\caption@indent=\dimen122
\caption@parindent=\dimen123
\caption@hangindent=\dimen124
)
\c@ContinuedFloat=\count110
Package caption Info: hyperref package is loaded.
)
\c@subfigure=\count111
\c@subtable=\count112
)
(/usr/share/texlive/texmf-dist/tex/latex/booktabs/booktabs.sty
Package: booktabs 2005/04/14 v1.61803 publication quality tables
\heavyrulewidth=\dimen125
\lightrulewidth=\dimen126
\cmidrulewidth=\dimen127
\belowrulesep=\dimen128
\belowbottomsep=\dimen129
\aboverulesep=\dimen130
\abovetopsep=\dimen131
\cmidrulesep=\dimen132
\cmidrulekern=\dimen133
\defaultaddspace=\dimen134
\@cmidla=\count113
\@cmidlb=\count114
\@aboverulesep=\dimen135
\@belowrulesep=\dimen136
\@thisruleclass=\count115
\@lastruleclass=\count116
\@thisrulewidth=\dimen137
)
(/usr/share/texlive/texmf-dist/tex/latex/listings/listings.sty
\lst@mode=\count117
\lst@gtempboxa=\box28
\lst@token=\toks20
\lst@length=\count118
\lst@currlwidth=\dimen138
\lst@column=\count119
\lst@pos=\count120
\lst@lostspace=\dimen139
\lst@width=\dimen140
\lst@newlines=\count121
\lst@lineno=\count122
\lst@maxwidth=\dimen141

(/usr/share/texlive/texmf-dist/tex/latex/listings/lstmisc.sty
File: lstmisc.sty 2015/06/04 1.6 (Carsten Heinz)
\c@lstnumber=\count123
\lst@skipnumbers=\count124
\lst@framebox=\box29
)
(/usr/share/texlive/texmf-dist/tex/latex/listings/listings.cfg
File: listings.cfg 2015/06/04 1.6 listings configuration
))
Package: listings 2015/06/04 1.6 (Carsten Heinz)

(/usr/share/texlive/texmf-dist/tex/latex/fancyhdr/fancyhdr.sty
\fancy@headwidth=\skip48
\f@ncyO@elh=\skip49
\f@ncyO@erh=\skip50
\f@ncyO@olh=\skip51
\f@ncyO@orh=\skip52
\f@ncyO@elf=\skip53
\f@ncyO@erf=\skip54
\f@ncyO@olf=\skip55
\f@ncyO@orf=\skip56
) (./report.aux)
\openout1 = `report.aux'.

LaTeX Font Info:    Checking defaults for OML/cmm/m/it on input line 28.
LaTeX Font Info:    ... okay on input line 28.
LaTeX Font Info:    Checking defaults for T1/cmr/m/n on input line 28.
LaTeX Font Info:    ... okay on input line 28.
LaTeX Font Info:    Checking defaults for OT1/cmr/m/n on input line 28.
LaTeX Font Info:    ... okay on input line 28.
LaTeX Font Info:    Checking defaults for OMS/cmsy/m/n on input line 28.
LaTeX Font Info:    ... okay on input line 28.
LaTeX Font Info:    Checking defaults for OMX/cmex/m/n on input line 28.
LaTeX Font Info:    ... okay on input line 28.
LaTeX Font Info:    Checking defaults for U/cmr/m/n on input line 28.
LaTeX Font Info:    ... okay on input line 28.
LaTeX Font Info:    Checking defaults for PD1/pdf/m/n on input line 28.
LaTeX Font Info:    ... okay on input line 28.
\AtBeginShipoutBox=\box30
Package hyperref Info: Link coloring OFF on input line 28.

(/usr/share/texlive/texmf-dist/tex/latex/hyperref/nameref.sty
Package: nameref 2012/10/27 v2.43 Cross-referencing by name of section

(/usr/share/texlive/texmf-dist/tex/generic/oberdiek/gettitlestring.sty
Package: gettitlestring 2010/12/03 v1.4 Cleanup title references (HO)
)
\c@section@level=\count125
)
LaTeX Info: Redefining \ref on input line 28.
LaTeX Info: Redefining \pageref on input line 28.
LaTeX Info: Redefining \nameref on input line 28.

(./report.out) (./report.out)
\@outlinefile=\write3
\openout3 = `report.out'.


(/usr/share/texlive/texmf-dist/tex/context/base/supp-pdf.mkii
[Loading MPS to PDF converter (version 2006.09.02).]
\scratchcounter=\count126
\scratchdimen=\dimen142
\scratchbox=\box31
\nofMPsegments=\count127
\nofMParguments=\count128
\everyMPshowfont=\toks21
\MPscratchCnt=\count129
\MPscratchDim=\dimen143
\MPnumerator=\count130
\makeMPintoPDFobject=\count131
\everyMPtoPDFconversion=\toks22
) (/usr/share/texlive/texmf-dist/tex/latex/oberdiek/epstopdf-base.sty
Package: epstopdf-base 2010/02/09 v2.5 Base part for package epstopdf

(/usr/share/texlive/texmf-dist/tex/latex/oberdiek/grfext.sty
Package: grfext 2010/08/19 v1.1 Manage graphics extensions (HO)
)
Package grfext Info: Graphics extension search list:
(grfext)             [.png,.pdf,.jpg,.mps,.jpeg,.jbig2,.jb2,.PNG,.PDF,.JPG,.JPE
G,.JBIG2,.JB2,.eps]
(grfext)             \AppendGraphicsExtensions on input line 452.

(/usr/share/texlive/texmf-dist/tex/latex/latexconfig/epstopdf-sys.cfg
File: epstopdf-sys.cfg 2010/07/13 v1.3 Configuration of (r)epstopdf for TeX Liv
e
))
Package caption Info: Begin \AtBeginDocument code.
Package caption Info: listings package is loaded.
Package caption Info: End \AtBeginDocument code.
\c@lstlisting=\count132

[1

{/var/lib/texmf/fonts/map/pdftex/updmap/pdftex.map}]
<Data/system_diagram.png, id=178, 717.68124pt x 648.4225pt>
File: Data/system_diagram.png Graphic file (type png)

<use Data/system_diagram.png>
Package pdftex.def Info: Data/system_diagram.png used on input line 58.
(pdftex.def)             Requested size: 452.9679pt x 409.26028pt.

Underfull \hbox (badness 10000) in paragraph at lines 63--64

 []


Overfull \hbox (8.14452pt too wide) in paragraph at lines 81--82
[]\OT1/cmr/m/n/10.95 Rather than use Java's NIO to han-dle the com-mu-ni-ca-tio
n with the servers like the \OT1/cmtt/m/n/10.95 NetHandler\OT1/cmr/m/n/10.95 ,
 []

[2] [3 <./Data/system_diagram.png>]
<Data/request_paths.png, id=193, 976.64874pt x 456.70625pt>
File: Data/request_paths.png Graphic file (type png)

<use Data/request_paths.png>
Package pdftex.def Info: Data/request_paths.png used on input line 85.
(pdftex.def)             Requested size: 452.9679pt x 211.82263pt.
LaTeX Font Info:    Try loading font information for OMS+cmr on input line 91.

(/usr/share/texlive/texmf-dist/tex/latex/base/omscmr.fd
File: omscmr.fd 2014/09/29 v2.5h Standard LaTeX font definitions
)
LaTeX Font Info:    Font shape `OMS/cmr/m/n' in size <10.95> not available
(Font)              Font shape `OMS/cmsy/m/n' tried instead on input line 91.
 [4 <./Data/request_paths.png>]
Underfull \hbox (badness 10000) in paragraph at lines 101--102

 []

[5] [6] <Data/21/21_get_requests.png, id=212, 867.24pt x 722.7pt>
File: Data/21/21_get_requests.png Graphic file (type png)

<use Data/21/21_get_requests.png>
Package pdftex.def Info: Data/21/21_get_requests.png used on input line 130.
(pdftex.def)             Requested size: 407.66833pt x 339.72418pt.

<Data/21/21_set_requests.png, id=213, 867.24pt x 722.7pt>
File: Data/21/21_set_requests.png Graphic file (type png)

<use Data/21/21_set_requests.png>
Package pdftex.def Info: Data/21/21_set_requests.png used on input line 137.
(pdftex.def)             Requested size: 407.66833pt x 339.72418pt.


LaTeX Warning: `h' float specifier changed to `ht'.

[7 <./Data/21/21_get_requests.png>]
<Data/22/22_get_requests.png, id=224, 867.24pt x 722.7pt>
File: Data/22/22_get_requests.png Graphic file (type png)

<use Data/22/22_get_requests.png>
Package pdftex.def Info: Data/22/22_get_requests.png used on input line 151.
(pdftex.def)             Requested size: 407.66833pt x 339.72418pt.


LaTeX Warning: `h' float specifier changed to `ht'.

<Data/22/22_set_requests.png, id=225, 867.24pt x 722.7pt>
File: Data/22/22_set_requests.png Graphic file (type png)

<use Data/22/22_set_requests.png>
Package pdftex.def Info: Data/22/22_set_requests.png used on input line 158.
(pdftex.def)             Requested size: 407.66833pt x 339.72418pt.


LaTeX Warning: `h' float specifier changed to `ht'.

[8 <./Data/21/21_set_requests.png>] [9 <./Data/22/22_get_requests.png>]
Underfull \hbox (badness 10000) in paragraph at lines 174--174
[]\OT1/cmr/m/n/10.95 Read-only
 []


Underfull \hbox (badness 10000) in paragraph at lines 174--174
[]\OT1/cmr/m/n/10.95 Write-only
 []


Underfull \hbox (badness 10000) in paragraph at lines 174--175
[]\OT1/cmr/m/n/10.95 Configuration gives
 []

[10 <./Data/22/22_set_requests.png>] [11]
Underfull \hbox (badness 10000) in paragraph at lines 195--196

 []

<Data/31/31_get_requests.png, id=250, 867.24pt x 722.7pt>
File: Data/31/31_get_requests.png Graphic file (type png)

<use Data/31/31_get_requests.png>
Package pdftex.def Info: Data/31/31_get_requests.png used on input line 201.
(pdftex.def)             Requested size: 407.66833pt x 339.72418pt.

<Data/31/31_set_requests.png, id=251, 867.24pt x 722.7pt>
File: Data/31/31_set_requests.png Graphic file (type png)

<use Data/31/31_set_requests.png>
Package pdftex.def Info: Data/31/31_set_requests.png used on input line 208.
(pdftex.def)             Requested size: 407.66833pt x 339.72418pt.

<Data/31/31_interactive_law.png, id=252, 1445.4pt x 722.7pt>
File: Data/31/31_interactive_law.png Graphic file (type png)

<use Data/31/31_interactive_law.png>
Package pdftex.def Info: Data/31/31_interactive_law.png used on input line 215.

(pdftex.def)             Requested size: 452.9679pt x 226.48279pt.
 [12 <./Data/31/31_get_requests.png>]
[13 <./Data/31/31_set_requests.png>]
Overfull \hbox (4.758pt too wide) in paragraph at lines 225--226
[]\OT1/cmr/m/n/10.95 By com-par-ing the re-sponse time mea-sure-ments from the 
mid-dle-ware and memtier[]benchmark,
 []

[14 <./Data/31/31_interactive_law.png>] [15]
<Data/32/32_get_requests.png, id=278, 867.24pt x 722.7pt>
File: Data/32/32_get_requests.png Graphic file (type png)

<use Data/32/32_get_requests.png>
Package pdftex.def Info: Data/32/32_get_requests.png used on input line 262.
(pdftex.def)             Requested size: 407.66833pt x 339.72418pt.

<Data/32/32_set_requests.png, id=279, 867.24pt x 722.7pt>
File: Data/32/32_set_requests.png Graphic file (type png)

<use Data/32/32_set_requests.png>
Package pdftex.def Info: Data/32/32_set_requests.png used on input line 269.
(pdftex.def)             Requested size: 407.66833pt x 339.72418pt.

<Data/32/32_interactive_law.png, id=280, 1445.4pt x 722.7pt>
File: Data/32/32_interactive_law.png Graphic file (type png)

<use Data/32/32_interactive_law.png>
Package pdftex.def Info: Data/32/32_interactive_law.png used on input line 276.

(pdftex.def)             Requested size: 452.9679pt x 226.48279pt.
 [16 <./Data/32/32_get_requests.png>]
[17 <./Data/32/32_set_requests.png>] [18 <./Data/32/32_interactive_law.png>]
<Data/33/33_max_config.png, id=299, 722.7pt x 578.16pt>
File: Data/33/33_max_config.png Graphic file (type png)

<use Data/33/33_max_config.png>
Package pdftex.def Info: Data/33/33_max_config.png used on input line 304.
(pdftex.def)             Requested size: 407.66833pt x 326.13168pt.

Underfull \hbox (badness 10000) in paragraph at lines 319--320

 []

[19 <./Data/33/33_max_config.png>] [20]
Overfull \hbox (0.91667pt too wide) in paragraph at lines 336--336
[]\OT1/cmr/m/n/10.95 Throughput| 
 []


Underfull \hbox (badness 10000) in paragraph at lines 336--336
[]\OT1/cmr/m/n/10.95 Response
 []


Underfull \hbox (badness 7012) in paragraph at lines 336--336
[]\OT1/cmr/m/n/10.95 Average time
 []


Underfull \hbox (badness 10000) in paragraph at lines 336--337
[]\OT1/cmr/m/n/10.95 Miss
 []


Overfull \hbox (0.91667pt too wide) in paragraph at lines 348--348
[]\OT1/cmr/m/n/10.95 Throughput| 
 []


Underfull \hbox (badness 10000) in paragraph at lines 348--348
[]\OT1/cmr/m/n/10.95 Response
 []


Underfull \hbox (badness 10000) in paragraph at lines 348--348
[]\OT1/cmr/m/n/10.95 Average
 []


Underfull \hbox (badness 10000) in paragraph at lines 348--348
\OT1/cmr/m/n/10.95 time in
 []

[21] [22] <Data/41/41_set_requests.png, id=319, 867.24pt x 722.7pt>
File: Data/41/41_set_requests.png Graphic file (type png)

<use Data/41/41_set_requests.png>
Package pdftex.def Info: Data/41/41_set_requests.png used on input line 381.
(pdftex.def)             Requested size: 452.9679pt x 377.47131pt.

<Data/41/41_il.png, id=320, 867.24pt x 867.24pt>
File: Data/41/41_il.png Graphic file (type png)
 <use Data/41/41_il.png>
Package pdftex.def Info: Data/41/41_il.png used on input line 391.
(pdftex.def)             Requested size: 452.9679pt x 452.96559pt.

Overfull \hbox (4.74847pt too wide) in paragraph at lines 400--411
 [] 
 []

[23 <./Data/41/41_set_requests.png>] [24 <./Data/41/41_il.png>]
Underfull \hbox (badness 10000) in paragraph at lines 431--432

 []


Underfull \hbox (badness 10000) in paragraph at lines 433--434

 []

[25] [26]
Overfull \hbox (9.16919pt too wide) in paragraph at lines 443--444
\OT1/cmr/m/n/10.95 pass-ing the fol-low-ing pa-ram-e-ters: "\OT1/cmtt/m/n/10.95
 --multi-key-get=mk --ratio 1:mk\OT1/cmr/m/n/10.95 " to Memtier[]Benchmark
 []

<Data/51/51_all_requests.png, id=348, 722.7pt x 578.16pt>
File: Data/51/51_all_requests.png Graphic file (type png)

<use Data/51/51_all_requests.png>
Package pdftex.def Info: Data/51/51_all_requests.png used on input line 453.
(pdftex.def)             Requested size: 407.66833pt x 326.13168pt.

Underfull \hbox (badness 10000) in paragraph at lines 459--460

 []

[27 <./Data/51/51_all_requests.png>]
Underfull \hbox (badness 10000) in paragraph at lines 476--477

 []

<Data/52/52_all_requests.png, id=357, 722.7pt x 578.16pt>
File: Data/52/52_all_requests.png Graphic file (type png)

<use Data/52/52_all_requests.png>
Package pdftex.def Info: Data/52/52_all_requests.png used on input line 486.
(pdftex.def)             Requested size: 407.66833pt x 326.13168pt.
 [28] [29 <./Data/52/52_all_requests.png>]

LaTeX Warning: No positions in optional float specifier.
               Default added (so using `tbp') on input line 513.

<Data/51/51_client_histogram.png, id=372, 433.62pt x 289.08pt>
File: Data/51/51_client_histogram.png Graphic file (type png)

<use Data/51/51_client_histogram.png>
Package pdftex.def Info: Data/51/51_client_histogram.png used on input line 516
.
(pdftex.def)             Requested size: 226.48395pt x 150.98851pt.

<Data/51/51_mw_histogram.png, id=373, 433.62pt x 289.08pt>
File: Data/51/51_mw_histogram.png Graphic file (type png)

<use Data/51/51_mw_histogram.png>
Package pdftex.def Info: Data/51/51_mw_histogram.png used on input line 523.
(pdftex.def)             Requested size: 226.48395pt x 150.98851pt.

<Data/52/52_client_histogram.png, id=374, 433.62pt x 289.08pt>
File: Data/52/52_client_histogram.png Graphic file (type png)

<use Data/52/52_client_histogram.png>
Package pdftex.def Info: Data/52/52_client_histogram.png used on input line 530
.
(pdftex.def)             Requested size: 226.48395pt x 150.98851pt.

<Data/52/52_mw_histogram.png, id=375, 433.62pt x 289.08pt>
File: Data/52/52_mw_histogram.png Graphic file (type png)

<use Data/52/52_mw_histogram.png>
Package pdftex.def Info: Data/52/52_mw_histogram.png used on input line 536.
(pdftex.def)             Requested size: 226.48395pt x 150.98851pt.

Underfull \hbox (badness 10000) in paragraph at lines 546--547

 []


Underfull \hbox (badness 10000) in paragraph at lines 548--549

 []


Underfull \hbox (badness 10000) in paragraph at lines 550--551

 []

[30] [31 <./Data/51/51_client_histogram.png> <./Data/51/51_mw_histogram.png> <.
/Data/52/52_client_histogram.png> <./Data/52/52_mw_histogram.png>] [32]
Underfull \hbox (badness 10000) in paragraph at lines 601--602

 []


Underfull \hbox (badness 10000) in paragraph at lines 607--608

 []


LaTeX Warning: `h' float specifier changed to `ht'.


LaTeX Warning: `h' float specifier changed to `ht'.


Underfull \hbox (badness 10000) in paragraph at lines 668--669

 []

[33]
Underfull \hbox (badness 10000) in paragraph at lines 674--675

 []

<Data/71/71_31get.png, id=403, 578.16pt x 433.62pt>
File: Data/71/71_31get.png Graphic file (type png)
 <use Data/71/71_31get.png>
Package pdftex.def Info: Data/71/71_31get.png used on input line 680.
(pdftex.def)             Requested size: 362.37569pt x 271.77934pt.

<Data/71/71_31set.png, id=404, 578.16pt x 433.62pt>
File: Data/71/71_31set.png Graphic file (type png)
 <use Data/71/71_31set.png>
Package pdftex.def Info: Data/71/71_31set.png used on input line 687.
(pdftex.def)             Requested size: 362.37569pt x 271.77934pt.

[34] [35 <./Data/71/71_31get.png> <./Data/71/71_31set.png>]
(/usr/share/texlive/texmf-dist/tex/latex/listings/lstlang1.sty
File: lstlang1.sty 2015/06/04 1.6 listings language file
)
Package atveryend Info: Empty hook `BeforeClearDocument' on input line 737.
 [36]
Package atveryend Info: Empty hook `AfterLastShipout' on input line 737.

(./report.aux)
Package atveryend Info: Executing hook `AtVeryEndDocument' on input line 737.
Package atveryend Info: Executing hook `AtEndAfterFileList' on input line 737.
Package rerunfilecheck Info: File `report.out' has not changed.
(rerunfilecheck)             Checksum: 9918960AC1186E9331C4A3B11E35989C;2770.
Package atveryend Info: Empty hook `AtVeryVeryEnd' on input line 737.
 ) 
Here is how much of TeX's memory you used:
 8685 strings out of 494953
 130198 string characters out of 6180977
 254270 words of memory out of 5000000
 11714 multiletter control sequences out of 15000+600000
 11260 words of font info for 41 fonts, out of 8000000 for 9000
 14 hyphenation exceptions out of 8191
 42i,11n,43p,1235b,1109s stack positions out of 5000i,500n,10000p,200000b,80000s
</usr/share/texlive/texmf-dist/fonts/type1/public/amsfonts/cm/cmbx10.pfb></us
r/share/texlive/texmf-dist/fonts/type1/public/amsfonts/cm/cmbx12.pfb></usr/shar
e/texlive/texmf-dist/fonts/type1/public/amsfonts/cm/cmmi10.pfb></usr/share/texl
ive/texmf-dist/fonts/type1/public/amsfonts/cm/cmmi6.pfb></usr/share/texlive/tex
mf-dist/fonts/type1/public/amsfonts/cm/cmmi8.pfb></usr/share/texlive/texmf-dist
/fonts/type1/public/amsfonts/cm/cmr10.pfb></usr/share/texlive/texmf-dist/fonts/
type1/public/amsfonts/cm/cmr12.pfb></usr/share/texlive/texmf-dist/fonts/type1/p
ublic/amsfonts/cm/cmr17.pfb></usr/share/texlive/texmf-dist/fonts/type1/public/a
msfonts/cm/cmr6.pfb></usr/share/texlive/texmf-dist/fonts/type1/public/amsfonts/
cm/cmr8.pfb></usr/share/texlive/texmf-dist/fonts/type1/public/amsfonts/cm/cmsy1
0.pfb></usr/share/texlive/texmf-dist/fonts/type1/public/amsfonts/cm/cmsy8.pfb><
/usr/share/texlive/texmf-dist/fonts/type1/public/amsfonts/cm/cmti10.pfb></usr/s
hare/texlive/texmf-dist/fonts/type1/public/amsfonts/cm/cmtt10.pfb>
Output written on report.pdf (36 pages, 1216231 bytes).
PDF statistics:
 539 PDF objects out of 1000 (max. 8388607)
 436 compressed objects within 5 object streams
 143 named destinations out of 1000 (max. 500000)
 444 words of extra memory for PDF output out of 10000 (max. 10000000)

