\BOOKMARK [1][-]{section.1}{System Overview \(75 pts\)}{}% 1
\BOOKMARK [2][-]{subsection.1.1}{NetHandler Class}{section.1}% 2
\BOOKMARK [2][-]{subsection.1.2}{Request Class}{section.1}% 3
\BOOKMARK [2][-]{subsection.1.3}{Linked Blocking Queue}{section.1}% 4
\BOOKMARK [2][-]{subsection.1.4}{Worker Class}{section.1}% 5
\BOOKMARK [3][-]{subsubsection.1.4.1}{Handling SET-requests}{subsection.1.4}% 6
\BOOKMARK [3][-]{subsubsection.1.4.2}{Handling GET-requests}{subsection.1.4}% 7
\BOOKMARK [3][-]{subsubsection.1.4.3}{Handling Sharded MultiGet-Requests}{subsection.1.4}% 8
\BOOKMARK [3][-]{subsubsection.1.4.4}{Statistics}{subsection.1.4}% 9
\BOOKMARK [3][-]{subsubsection.1.4.5}{Server Service Time}{subsection.1.4}% 10
\BOOKMARK [3][-]{subsubsection.1.4.6}{Response Time}{subsection.1.4}% 11
\BOOKMARK [2][-]{subsection.1.5}{System Shut Down}{section.1}% 12
\BOOKMARK [1][-]{section.2}{Baseline without Middleware \(75 pts\)}{}% 13
\BOOKMARK [2][-]{subsection.2.1}{One Server}{section.2}% 14
\BOOKMARK [2][-]{subsection.2.2}{Two Servers}{section.2}% 15
\BOOKMARK [2][-]{subsection.2.3}{Conclusion}{section.2}% 16
\BOOKMARK [1][-]{section.3}{Baseline with Middleware \(90 pts\)}{}% 17
\BOOKMARK [2][-]{subsection.3.1}{One Middleware}{section.3}% 18
\BOOKMARK [3][-]{subsubsection.3.1.1}{Interactive Law}{subsection.3.1}% 19
\BOOKMARK [3][-]{subsubsection.3.1.2}{Bottleneck Analysis}{subsection.3.1}% 20
\BOOKMARK [2][-]{subsection.3.2}{Two Middlewares}{section.3}% 21
\BOOKMARK [3][-]{subsubsection.3.2.1}{Bottleneck Analysis}{subsection.3.2}% 22
\BOOKMARK [2][-]{subsection.3.3}{Two Middlewares, Two Client VMs}{section.3}% 23
\BOOKMARK [3][-]{subsubsection.3.3.1}{Bottleneck Analysis}{subsection.3.3}% 24
\BOOKMARK [2][-]{subsection.3.4}{Summary}{section.3}% 25
\BOOKMARK [1][-]{section.4}{Throughput for Writes \(90 pts\)}{}% 26
\BOOKMARK [2][-]{subsection.4.1}{Full System}{section.4}% 27
\BOOKMARK [2][-]{subsection.4.2}{Analysis}{section.4}% 28
\BOOKMARK [1][-]{section.5}{Gets and Multi-gets \(90 pts\)}{}% 29
\BOOKMARK [2][-]{subsection.5.1}{Sharded Case}{section.5}% 30
\BOOKMARK [3][-]{subsubsection.5.1.1}{Analysis}{subsection.5.1}% 31
\BOOKMARK [2][-]{subsection.5.2}{Non-sharded Case}{section.5}% 32
\BOOKMARK [3][-]{subsubsection.5.2.1}{Analysis}{subsection.5.2}% 33
\BOOKMARK [2][-]{subsection.5.3}{Histogram}{section.5}% 34
\BOOKMARK [2][-]{subsection.5.4}{Summary}{section.5}% 35
\BOOKMARK [1][-]{section.6}{2K Analysis \(90 pts\)}{}% 36
\BOOKMARK [1][-]{section.7}{Queuing Model \(90 pts\)}{}% 37
\BOOKMARK [2][-]{subsection.7.1}{M/M/1}{section.7}% 38
\BOOKMARK [2][-]{subsection.7.2}{M/M/m}{section.7}% 39
\BOOKMARK [2][-]{subsection.7.3}{Network of Queues}{section.7}% 40
\BOOKMARK [2][-]{subsection.7.4}{MVA algorithm implementation}{section.7}% 41
