X_axis
[  4  16  32  64  96 128 160]
GET operations TP, wt = 8
[  978.48372917  3024.0535897   3786.78804412  3850.75874694  3878.06593804
  3846.51598151  3876.35848407]
GET operations TP STD, wt = 8
[0.49125530400826339, 1.0509514670413644, 0.96653643301090231, 0.33648715428334369, 0.56832338486826661, 2.1315919750526837, 0.95787740914281594]
GET operations Corrected RT, wt = 8
[  866.48855513  2778.50134584  3662.58441113  3876.90816574  3958.08280364
  3950.10929664  3973.06592392]
SET operations TP, wt = 8
[  992.36659823  3921.34568848  5077.63837956  5241.50733384  5214.68184239
  5247.63213226  5260.87764879]
SET operations TP STD, wt = 8
[0.0, 7.4130780783302175, 2.30659704847448, 3.1517592668223027, 0.64108898420937621, 1.0647073563701017, 1.019428259249151]
SET operations Corrected RT, wt = 8
[  887.74468463  3494.33989735  4821.81872975  5221.4350788   5284.06432614
  5336.11255862  5378.84433288]
GET operations TP, wt = 16
[ 1000.2516575   3036.77828102  3818.71665366  4121.7302596   4121.08087163
  4121.72895641  4171.51139055]
GET operations TP STD, wt = 16
[0.0, 1.4089321318031021, 1.1688975433853972, 0.58200874758580867, 0.37970942205352504, 1.0742769360098314, 0.50252289158385066]
GET operations Corrected RT, wt = 16
[  870.43565304  2781.96360264  3678.01999923  4149.0189299   4214.9322757
  4247.29428551  4310.88678534]
SET operations TP, wt = 16
[ 1033.88152519  3990.74542202  5661.79912995  6693.6627243   6794.07181075
  6798.36126167  6903.5993552 ]
SET operations TP STD, wt = 16
[0.30947589862017966, 1.1357277556953089, 2.8852411073494371, 1.6898285914421791, 1.1303745589262029, 2.4195800909336977, 3.367507527589062]
SET operations Corrected RT, wt = 16
[  889.15234143  3498.28729684  5328.89258951  6635.79180203  6863.59790756
  6935.53922011  7076.56698044]
GET operations TP, wt = 32
[ 1010.58404686  3068.82059538  3914.88780903  4416.4896279   4599.81963853
  4798.60858568  4831.63014266]
GET operations TP STD, wt = 32
[0.0, 0.62612542998837584, 0.9102378259591607, 0.0, 0.24580728165328747, 0.27255362674444034, 1.4578144906063155]
GET operations Corrected RT, wt = 32
[  877.00065775  2803.00154749  3770.25036819  4510.21846371  4683.15527587
  4905.40488752  4974.37677795]
SET operations TP, wt = 32
[ 1046.05968068  4018.54304289  5671.77104066  7361.14466773  8446.09974502
  8989.03381196  9073.22293539]
SET operations TP STD, wt = 32
[0.067677384151407755, 0.50980299244989657, 0.71916553091413704, 1.5576441230003513, 1.3914601856533582, 0.89602612436800955, 0.71431665025561342]
SET operations Corrected RT, wt = 32
[  896.76045286  3505.18475245  5273.1317459   7228.91566265  8422.28395964
  9067.51044889  9213.05182342]
GET operations TP, wt = 64
[ 1017.30893466  3126.2604784   3998.01244253  4528.37165729  4679.49091328
  5818.37931551  5129.67810513]
GET operations TP STD, wt = 64
[0.0, 0.096773076986189449, 0.0, 0.25353827621560787, 0.31997654546299048, 1.2863947487819003, 0.42576682574339203]
GET operations Corrected RT, wt = 64
[  871.11808006  2829.35455349  3857.28061716  4513.66441375  4756.67462198
  5947.63295051  5268.24128545]
SET operations TP, wt = 64
[  1042.89035498   4031.08604606   5805.17552046   7350.18627824
   8954.56980611   9775.77174138  10349.76210041]
SET operations TP STD, wt = 64
[0.020483006922353518, 0.22084088245760844, 0.0, 0.89048033040627705, 0.31942358166949775, 0.51617635467247502, 0.12810742358467353]
SET operations Corrected RT, wt = 64
[   891.53046062   3506.20891161   5358.69783643   7223.47629797
   8908.54818504   9884.80597207  10601.05789724]