X_axis
[  6  24  48  96 144 192 240]
set_tp_mean wt=8
[ 1485.26343966  3421.79868927  3702.93786463  3752.9481425   3775.27670942
  3778.19496091  3807.24561404]
set_tp_std wt=8
[1.1617381072788822, 1.6511135574997247, 1.5146704127859669, 1.7290470853703692, 1.0944139981870535, 2.0750272589995262, 0.75092559523349844]
set_tp_interactive_law_mean wt=8
[ 1279.27223624  3244.55860484  3743.61440772  3938.75778691  3990.66996143
  4008.65758687  4051.74984947]
set_tp_mean wt=16
[ 1527.42706407  3609.10663501  4537.80494958  4837.53223731  4901.17182975
  4903.10672643  4903.10674288]
set_tp_std wt=16
[0.3726336372100954, 0.94102062181967405, 1.2231424798472841, 0.41601709760217059, 1.0896493454561531, 0.76795938334164937, 2.6074718766904432]
set_tp_interactive_law_mean wt=16
[ 1289.30592364  3390.06992019  4499.50786633  4992.80550595  5135.73436841
  5181.23063223  5226.10147347]
set_tp_mean wt=32
[ 1526.85915835  3616.92365236  4753.46728587  5651.46619568  5884.24971386
  5926.88375982  5935.69123911]
set_tp_std wt=32
[0.029871144354680936, 0.37734463965218462, 0.38093036092465005, 0.13035270042086491, 0.62512949763804737, 0.58134387914523744, 1.1486596348956812]
set_tp_interactive_law_mean wt=32
[ 1291.38716505  3390.7085168   4674.18648056  5790.80709374  6127.83341371
  6336.11088194  6294.53162565]
set_tp_mean wt=64
[ 1556.98751004  3512.71993237  4650.87889103  6042.19168958  6636.98377715
  6770.84620787  6813.52570185]
set_tp_std wt=64
[0.050416423748606658, 0.045536676050434141, 0.43970916096247353, 0.52187308932906762, 0.78624652830102082, 0.64182932433558237, 0.67146810301541615]
set_tp_interactive_law_mean wt=64
[ 1311.80993332  3304.34383533  4591.690316    6149.18171045  6894.35046282
  7101.77359398  7184.05140588]