X_axis
[  4  16  32  64  96 128 160]
sets_tp_mean
[  992.36659823  3921.34568848  5077.63837956  5241.50733384  5214.68184239
  5247.63213226  5260.87764879]
sets_tp_std
[0.0, 7.4130780783302175, 2.30659704847448, 3.1517592668223027, 0.64108898420937621, 1.0647073563701017, 1.019428259249151]
sets_tp_mean
[ 1033.88152519  3990.74542202  5661.79912995  6693.6627243   6794.07181075
  6798.36126167  6903.5993552 ]
sets_tp_std
[0.30947589862017966, 1.1357277556953089, 2.8852411073494371, 1.6898285914421791, 1.1303745589262029, 2.4195800909336977, 3.367507527589062]
sets_tp_mean
[ 1046.05968068  4018.54304289  5671.77104066  7361.14466773  8446.09974502
  8989.03381196  9073.22293539]
sets_tp_std
[0.067677384151407755, 0.50980299244989657, 0.71916553091413704, 1.5576441230003513, 1.3914601856533582, 0.89602612436800955, 0.71431665025561342]
sets_tp_mean
[  1042.89035498   4031.08604606   5805.17552046   7350.18627824
   8954.56980611   9775.77174138  10349.76210041]
sets_tp_std
[0.020483006922353518, 0.22084088245760844, 0.0, 0.89048033040627705, 0.31942358166949775, 0.51617635467247502, 0.12810742358467353]
sets_rt_mean
[2.5057999999999998, 2.5788333333333333, 4.6365000000000007, 10.257166666666667, 16.167833333333334, 21.987499999999997, 27.746166666666667]
sets_tp_std
[0.080583869353611864, 0.085024342919477358, 0.10932329730360925, 0.21253032463365995, 0.31308327788128282, 0.64012882817966155, 0.79744433800875503]
sets_rt_mean
[2.4986666666666664, 2.5736666666666665, 4.0049999999999999, 7.6446666666666658, 11.986833333333331, 16.455666666666669, 20.609833333333338]
sets_tp_std
[0.099451272267153931, 0.09134488977982777, 0.10680823938254949, 0.1449110838487595, 0.32161592864091121, 0.46017846779507421, 0.50004580345759841]
sets_rt_mean
[2.4605000000000001, 2.5646666666666671, 4.0685000000000002, 6.8533333333333326, 9.3983333333333334, 12.116333333333332, 15.366666666666667]
sets_tp_std
[0.10106227453077302, 0.11181929867225768, 0.18081920067662444, 0.1938630673668629, 0.42905153795578255, 0.58176016440530631, 0.81655652318474348]
sets_rt_mean
[2.4866666666666664, 2.5633333333333335, 3.9716, 6.8599999999999994, 8.7761666666666667, 10.949166666666668, 13.092833333333331]
sets_tp_std
[0.11164477397332837, 0.11167462658196903, 0.18772277432426779, 0.19382294325835966, 0.51391647073127433, 0.45014457554089105, 0.44166443395662064]