X_axis
[  4  16  32  64  96 128 160]
gets_tp_mean
[  978.48372917  3024.0535897   3786.78804412  3850.75874694  3878.06593804
  3846.51598151  3876.35848407]
gets_tp_std
[0.49125530400826339, 1.0509514670413644, 0.96653643301090231, 0.33648715428334369, 0.56832338486826661, 2.1315919750526837, 0.95787740914281594]
gets_tp_mean
[ 1000.2516575   3036.77828102  3818.71665366  4121.7302596   4121.08087163
  4121.72895641  4171.51139055]
gets_tp_std
[0.0, 1.4089321318031021, 1.1688975433853972, 0.58200874758580867, 0.37970942205352504, 1.0742769360098314, 0.50252289158385066]
gets_tp_mean
[ 1010.58404686  3068.82059538  3914.88780903  4416.4896279   4599.81963853
  4798.60858568  4831.63014266]
gets_tp_std
[0.0, 0.62612542998837584, 0.9102378259591607, 0.0, 0.24580728165328747, 0.27255362674444034, 1.4578144906063155]
gets_tp_mean
[ 1017.30893466  3126.2604784   3998.01244253  4528.37165729  4679.49091328
  5818.37931551  5129.67810513]
gets_tp_std
[0.0, 0.096773076986189449, 0.0, 0.25353827621560787, 0.31997654546299048, 1.2863947487819003, 0.42576682574339203]
gets_rt_mean
[2.6163333333333334, 3.7585000000000002, 6.737000000000001, 14.507999999999997, 22.254166666666663, 30.404166666666669, 38.271166666666666]
gets_tp_std
[0.094427514822511091, 0.1115866628828612, 0.14714165510373547, 0.34047026301866684, 0.55575066851561694, 0.88152262528473291, 1.2204561191984276]
gets_rt_mean
[2.5954000000000002, 3.7513333333333336, 6.700333333333333, 13.425333333333333, 20.776166666666672, 28.136833333333339, 35.115333333333332]
gets_tp_std
[0.090047987206822194, 0.13308476830785537, 0.22160675882191763, 0.36968304742786867, 0.65004472068380681, 0.94913213282216702, 1.2459662470905413]
gets_rt_mean
[2.5609999999999999, 3.7081666666666671, 6.4874999999999998, 12.190000000000001, 18.498999999999999, 24.093666666666667, 30.164833333333334]
gets_tp_std
[0.11043006836908138, 0.15677416524698479, 0.29791036123863363, 0.58868361621502596, 0.67812265360577217, 1.016766880306833, 1.360607880895726]
gets_rt_mean
[2.5918000000000001, 3.6549999999999998, 6.2959999999999994, 12.179166666666667, 18.182166666666664, 19.521166666666662, 28.370666666666665]
gets_tp_std
[0.10833725121120624, 0.14811256980193591, 0.26479803624649478, 0.6369310315009693, 0.95479917900164979, 0.65080140766767092, 1.3069112016081621]