X_axis
0      6
1     24
2     48
3     96
4    144
5    192
6    240
Name: VC, dtype: int64
gets_tp_mean
0    2622.280000
1    3348.806667
2    3643.216667
3    3637.710000
4    3625.710000
5    3650.646667
6    3584.920000
dtype: float64
gets_tp_std
0    10.210176
1    23.424138
2    26.808033
3    15.415859
4    24.940415
5    20.375118
6    41.530943
dtype: float64
gets_tp_IL
0    2633.891012
1    3352.982830
2    3632.631039
3    3640.369455
4    3629.905758
5    3655.334010
6    3585.093796
dtype: float64
gets_rt_mean
0     2.277999
1     7.157806
2    13.213563
3    26.370950
4    39.670451
5    52.525980
6    66.943855
Name: BJMEAN, dtype: float64
gets_tp_std
0    0.008781
1    0.050361
2    0.164815
3    0.141951
4    0.212831
5    0.376379
6    0.781677
Name: BJSTDEV, dtype: float64