X_axis
[1, 3, 6, 9]
mixed_mean_tp 
[4410.3866666666663, 3070.4933333333333, 2338.2666666666669, 1885.7733333333333]
mixed_stddev_tp 
[104.73319287068844, 29.650660850795141, 12.688307828688352, 12.514421902571257]
avg_rt
[2.7200000000000006, 3.9044444444444446, 5.1244444444444435, 6.3533333333333335]
std_rt
[0.1373559851869102, 0.16000771586333723, 0.15312385046179741, 0.1194431524477928]
percentile 25th rt
[1.2, 1.5, 1.8999999999999999, 2.3999999999999999]
percentile 50th rt
[1.5, 2.2000000000000002, 3.3999999999999999, 6.0]
percentile 75th rt
[2.5, 6.0999999999999996, 7.4000000000000004, 8.5999999999999996]
percentile 90th rt
[6.4000000000000004, 7.7999999999999998, 9.1999999999999993, 11.0]
percentile 99th rt
[11.0, 16.0, 20.0, 23.0]