X_axis
0     2
1     8
2    16
3    32
4    48
5    64
6    80
Name: VC, dtype: int64
gets_tp_mean
0    1824.220000
1    4538.416667
2    5878.823333
3    6349.730000
4    6577.880000
5    6769.190000
6    6908.813333
dtype: float64
gets_tp_std
0    19.571725
1    56.818652
2     6.858515
3    19.073657
4    10.842449
5    42.153334
6    29.699836
dtype: float64
gets_tp_IL
0    1840.311022
1    4552.507820
2    5884.297298
3    6384.989325
4    6573.942270
5    6788.444024
6    6912.131256
dtype: float64
gets_rt_mean
0     1.086773
1     1.757273
2     2.719101
3     5.011755
4     7.301555
5     9.427786
6    11.573854
Name: BJMEAN, dtype: float64
gets_tp_std
0    0.011570
1    0.022356
2    0.013672
3    0.018408
4    0.023815
5    0.062170
6    0.049863
Name: BJSTDEV, dtype: float64