X_axis
[1, 3, 6, 9]
mixed_mean_tp 
[4534.8866666666663, 3396.7266666666669, 2494.3999999999996, 1976.0866666666668]
mixed_stddev_tp 
[15.639354917074412, 23.122977509154861, 21.643000408137954, 5.3594112446131943]
avg_rt
[2.6444444444444448, 3.5277777777777781, 4.7999999999999989, 6.0622222222222222]
std_rt
[0.12544242691025947, 0.12743432101611998, 0.1237380746218039, 0.12717247935843989]
percentile 25th rt
[1.2, 1.5, 1.7, 2.1000000000000001]
percentile 50th rt
[1.5, 2.0, 2.7999999999999998, 4.0999999999999996]
percentile 75th rt
[2.3999999999999999, 5.0, 6.9000000000000004, 8.1999999999999993]
percentile 90th rt
[6.4000000000000004, 7.5, 9.3000000000000007, 12.0]
percentile 99th rt
[11.0, 14.0, 20.0, 26.0]