X_axis
[ 2  8 16 32 48 64 80]
sets_tp_mean
[  465.49565764  1772.14089727  3486.41160295  4699.95744008  4773.07827164
  4807.0251546   4758.34619626]
sets_tp_std
[0.44048337567448681, 0.41541733405510667, 0.53820348082875846, 0.48667870943545111, 1.2769315249567019, 4.1439512340419977, 0.25567935518920248]
sets_tp_mean
[  462.62199089  1787.16189523  3476.58341951  5046.90453753  5441.03295982
  5984.16510588  6008.11167823]
sets_tp_std
[0.063097504156500756, 0.67274353472902304, 0.26923468091402553, 1.043487357622034, 1.9665781497105068, 1.1276735594071636, 0.32484236124043264]
sets_tp_mean
[  466.9556666   1779.75419981  3475.82581286  4974.61778225  5838.44061418
  6425.70179395  6769.7106153 ]
sets_tp_std
[0.048916688809858354, 0.23531771511470123, 0.11406670976077619, 0.45813038553554819, 0.7466821661078733, 1.7174075317046336, 0.16897275447099613]
sets_tp_mean
[  466.88182228  1792.8461734   3410.68486685  4931.32061192  5836.52161332
  6463.28392248  6773.55590904]
sets_tp_std
[0.01623032354781544, 0.055516295742605484, 0.055572003352745432, 0.11107301926944874, 0.065508903861947215, 0.34677521519520532, 0.2683940952630357]
sets_rt_mean
[2.2243333333333335, 2.3791666666666669, 2.5378333333333329, 4.6993333333333327, 7.9416666666666673, 11.137166666666667, 14.664999999999999]
sets_tp_std
[0.022491973877116475, 0.012171232020173187, 0.015794689684264868, 0.057372079930533761, 0.14487312456843804, 0.20760010971951703, 0.18352111595127127]
sets_rt_mean
[2.2313333333333332, 2.3586666666666667, 2.5533333333333332, 4.2143333333333333, 6.6801666666666675, 8.5453333333333319, 11.130333333333335]
sets_tp_std
[0.025348679562366829, 0.032029500290964387, 0.018006171781426019, 0.044104673473706023, 0.10490538064793863, 0.19138413959596781, 0.22743912494457832]
sets_rt_mean
[2.2475000000000001, 2.3904999999999998, 2.5799999999999996, 4.3193333333333337, 6.0594999999999999, 7.7156666666666673, 9.5916666666666668]
sets_tp_std
[0.032525630918810229, 0.014963845316851691, 0.031728010758108854, 0.038278221252067493, 0.068585105282901529, 0.12111106014270065, 0.16104623214744537]
sets_rt_mean
[2.250833333333333, 2.3764999999999996, 2.6853333333333329, 4.4010000000000007, 6.0945, 7.6901666666666664, 9.5830000000000002]
sets_tp_std
[0.027624968577156538, 0.030960996969305318, 0.010060925515191109, 0.021463146709340519, 0.038413322341778008, 0.1025856011122202, 0.14173684536257078]