X_axis
[ 2  8 16 32 48 64 80]
gets_tp_mean
[  418.43435948  1498.83120965  2204.09619039  2311.79860902  2452.30316771
  2453.06496401  2469.8659886 ]
gets_tp_std
[0.065825915473045171, 0.55853015305708886, 27.25315859665119, 22.503592253973199, 1.748629872731345, 0.98470524153525629, 1.8571278413146024]
gets_tp_mean
[  418.0306358   1505.09845594  2456.84948399  3117.22625256  3105.35177331
  3106.93653478  3121.7576284 ]
gets_tp_std
[0.00042085186930052032, 0.26236952987480577, 1.1826881038849886, 2.0037597085163497, 0.51959576925030848, 0.49158244039780985, 2.0551265283482305]
gets_tp_mean
[  420.05013959  1500.18257085  2460.13704389  3255.09520625  3423.99617314
  3630.78562548  3656.25781329]
gets_tp_std
[0.19054872004590998, 0.36591493083132792, 0.64888396019835504, 0.78870830315923013, 0.31113815682191814, 1.291930325754622, 0.23088452264957654]
gets_tp_mean
[  427.0698145   1549.79380769  2538.43413103  3453.03360338  3861.78931951
  3631.55650399  3541.68250914]
gets_tp_std
[0.025723221689029664, 0.16820947013572035, 0.2768064008063415, 0.14972649251310502, 0.62742887013782123, 0.57253404248212147, 0.30920865308610923]
gets_rt_mean
[2.5884999999999998, 3.1713333333333331, 4.9630000000000001, 11.749666666666668, 17.439333333333334, 23.889333333333337, 30.386333333333329]
gets_tp_std
[0.0035000000000000586, 0.012710450643291809, 0.45396549061208014, 1.0632040673778904, 0.12099954086230648, 0.095639368927701474, 0.1386225891484576]
gets_rt_mean
[2.5954999999999999, 3.1556666666666664, 4.4100000000000001, 8.1826666666666661, 13.354666666666667, 18.508666666666667, 23.589333333333332]
gets_tp_std
[0.0015000000000000568, 0.02075786330258695, 0.04055449009254896, 0.09864526794980516, 0.04631294515455571, 0.036298148100909776, 0.19411565853606152]
gets_rt_mean
[2.5409999999999999, 3.1720000000000002, 4.4063333333333334, 7.7203333333333335, 11.963999999999999, 15.517666666666665, 19.797666666666668]
gets_tp_std
[0.0045460605656620044, 0.02299275248130752, 0.051122945489824385, 0.072214187587266401, 0.036083237105337125, 0.1811083162701872, 0.10917977020594176]
gets_rt_mean
[2.52, 3.0573333333333337, 4.2370000000000001, 7.1643333333333326, 10.325000000000001, 15.515333333333333, 20.456333333333333]
gets_tp_std
[0.014514360704718073, 0.02075786330258695, 0.049443570529105765, 0.0016996731711977561, 0.12394622489881092, 0.16949401824908883, 0.061883402908661109]