X_axis
[  6  24  48  96 144 192 240]
set_mean_tp wt=8
[ 1485.26343966  3421.79868927  3702.93786463  3752.9481425   3775.27670942
  3778.19496091  3807.24561404]
set_std_tp wt=8
[1.1617381072788822, 1.6511135574997247, 1.5146704127859669, 1.7290470853703692, 1.0944139981870535, 2.0750272589995262, 0.75092559523349844]
set_mean_tp wt=16
[ 1527.42706407  3609.10663501  4537.80494958  4837.53223731  4901.17182975
  4903.10672643  4903.10674288]
set_std_tp wt=16
[0.3726336372100954, 0.94102062181967405, 1.2231424798472841, 0.41601709760217059, 1.0896493454561531, 0.76795938334164937, 2.6074718766904432]
set_mean_tp wt=32
[ 1526.85915835  3616.92365236  4753.46728587  5651.46619568  5884.24971386
  5926.88375982  5935.69123911]
set_std_tp wt=32
[0.029871144354680936, 0.37734463965218462, 0.38093036092465005, 0.13035270042086491, 0.62512949763804737, 0.58134387914523744, 1.1486596348956812]
set_mean_tp wt=64
[ 1556.98751004  3512.71993237  4650.87889103  6042.19168958  6636.98377715
  6770.84620787  6813.52570185]
set_std_tp wt=64
[0.050416423748606658, 0.045536676050434141, 0.43970916096247353, 0.52187308932906762, 0.78624652830102082, 0.64182932433558237, 0.67146810301541615]
set_mean_rt wt=8
[2.6901666666666664, 5.3970000000000011, 10.821833333333336, 22.373166666666666, 34.084166666666668, 45.896333333333331, 57.233666666666657]
set_std_rt wt=8
[0.12868102251519289, 0.14975090428218887, 0.25120603540166442, 0.70229277291517644, 1.1667252485292157, 1.5468968578702613, 2.0669120015671263]
set_mean_rt wt=16
[2.6536666666666666, 5.0795000000000003, 8.6678333333333324, 17.227666666666664, 26.038833333333333, 35.056833333333337, 43.923333333333339]
set_std_rt wt=16
[0.11405651620529576, 0.19746370974603578, 0.27269055518827368, 0.55724072197051622, 0.85009517441022764, 1.316129099121951, 1.6522749636654162]
set_mean_rt wt=32
[2.6461666666666672, 5.0781666666666672, 8.269166666666667, 14.578000000000001, 21.499333333333329, 28.302499999999998, 36.128333333333323]
set_std_rt wt=32
[0.13415590018912904, 0.23710856631978142, 0.37727682880817848, 0.46011918745762681, 0.73653211440883926, 1.1271126459527749, 1.2914503044596375]
set_mean_rt wt=64
[2.5738333333333334, 5.2631666666666668, 8.4536666666666687, 13.611833333333335, 18.886666666666667, 25.035499999999999, 31.40733333333333]
set_std_rt wt=64
[0.1137708466855879, 0.22376879188622853, 0.38222491924113106, 0.50020876197399389, 0.56464876004665321, 0.90306861127306803, 1.1022830348367374]