X_axis
[ 2  8 16 32 48 64 80]
gets_tp_mean
[  448.1487098   1521.17384938  2439.98358504  2947.867778    2912.53598558
  2933.07214919  2934.91348271]
gets_tp_std
[0.0, 2.3022447852327863, 0.60036764908146678, 1.5763460961943889, 1.923811006136847, 1.5446934277757196, 1.0649310593575465]
gets_tp_mean
[  434.97055506  1537.86236643  2449.5763712   3200.29297361  3250.86000405
  3291.99789925  3278.53975581]
gets_tp_std
[0.6532682915436766, 0.22932587589255657, 0.94404209401856465, 1.5775997422581303, 0.76548223845221586, 1.3732961688660281, 2.5967541864992878]
gets_tp_mean
[  447.75074656  1535.37856549  2490.51744867  3392.94334239  3820.48976656
  3611.2131791   3559.00482636]
gets_tp_std
[0.021125970685040053, 0.088188955861204871, 0.37033036347464293, 0.93475695344557208, 0.78024685712642772, 0.11236670026999472, 0.43666069841656385]
gets_tp_mean
[  446.90821865  1556.05137537  2518.09119472  3306.60396264  3894.85805324
  3610.64965715  3663.23129812]
gets_tp_std
[0.033383546911841429, 0.0621408812072647, 0.20604698178462005, 0.29997369336679658, 0.61723762593241216, 0.073172425657158438, 0.47118441278232842]
gets_rt_mean
[2.4127999999999998, 3.1411666666666669, 4.4551666666666669, 8.7374999999999989, 14.297166666666664, 19.604333333333333, 24.941166666666664]
gets_tp_std
[0.024628438846179494, 0.080908212740666077, 0.017247383054313524, 0.14266598520086451, 0.23966742002663194, 0.35780798699240263, 0.47535299748946785]
gets_rt_mean
[2.4746666666666663, 3.1150000000000002, 4.4496666666666664, 7.8928333333333329, 12.552, 17.165499999999998, 21.943833333333334]
gets_tp_std
[0.12366981128077392, 0.012961481396815777, 0.056843840670931428, 0.13210275882391292, 0.19060080447539218, 0.31155189508865633, 0.67851244564037949]
gets_rt_mean
[2.4260000000000002, 3.1343333333333336, 4.3661666666666656, 7.3103333333333333, 10.381666666666666, 15.464833333333333, 20.106833333333331]
gets_tp_std
[0.031848600178553121, 0.015456030825826136, 0.075049798282355251, 0.1200189799804829, 0.11885799183152226, 0.18300584386540455, 0.35542482405644571]
gets_rt_mean
[2.4365000000000001, 3.0899999999999999, 4.3271666666666668, 7.6015000000000006, 10.185333333333334, 15.456166666666666, 19.492833333333333]
gets_tp_std
[0.029981939007787065, 0.011704699910719627, 0.038294545593625176, 0.10972351616677251, 0.23059897850790406, 0.12938755306786226, 0.34633481712867886]