X_axis
[ 2  8 16 32 48 64 80]
sets_tp_mean
[  436.33852845  1727.62273302  3371.08006286  3476.05276003  3497.95070806
  3524.66391937  3493.89698115]
sets_tp_std
[0.010399598324692505, 0.39546346103631597, 1.6519989190414774, 2.299059805664986, 1.7237101483063468, 1.5035863325538279, 1.0671131655784585]
sets_tp_mean
[  425.03688861  1740.67033687  3481.42612579  4753.58392694  4951.62981546
  4914.77472358  4923.9289092 ]
sets_tp_std
[0.74618506468836698, 0.20871432867807885, 1.3450323152003589, 1.4786092942946163, 0.78713452732716549, 2.628420954458353, 1.7636491809582295]
sets_tp_mean
[  439.82271253  1748.50379319  3461.44689542  4798.32694883  5472.24233361
  5986.47021531  6131.14488898]
sets_tp_std
[0.042253884264439101, 0.089167284183605228, 0.11749484341267556, 0.9597042009581449, 2.0802377608501899, 0.94931965599845114, 0.29759814564590414]
sets_tp_mean
[  440.40841799  1754.86846661  3445.52177316  4879.61243368  5657.42936556
  6371.72442052  6491.9031441 ]
sets_tp_std
[0.021939787115493381, 0.045881872965861312, 0.62806927828980152, 1.2496732762304286, 1.3691875665192939, 0.59128377906057161, 1.7913279557484008]
sets_rt_mean
[2.3559999999999999, 2.4453333333333336, 2.6576666666666671, 7.1029999999999989, 11.640000000000001, 16.156333333333333, 20.792666666666666]
sets_tp_std
[0.0020000000000000018, 0.0080138768534474929, 0.013021349989749886, 0.031947874212013901, 0.065503180584355281, 0.058459862774005764, 0.12156296950780389]
sets_rt_mean
[2.466333333333333, 2.4336666666666669, 2.5210000000000004, 4.562333333333334, 7.5263333333333335, 10.879333333333333, 14.112]
sets_tp_std
[0.10096974244242135, 0.0091772665986242317, 0.015297058540778383, 0.021561282171728466, 0.017211107524567535, 0.13950467933211236, 0.11134630662936248]
sets_rt_mean
[2.327, 2.4419999999999997, 2.5493333333333332, 4.2830000000000004, 6.4490000000000007, 8.4249999999999989, 10.846666666666666]
sets_tp_std
[0.0049999999999998934, 0.0074833147735479683, 0.012283683848458772, 0.011224972160321854, 0.063266631541964213, 0.008640987597877018, 0.041063636251825041]
sets_rt_mean
[2.3294999999999999, 2.4293333333333336, 2.5459999999999998, 4.3036666666666674, 6.0564999999999998, 7.6439999999999992, 9.7100000000000009]
sets_tp_std
[0.0095000000000000639, 0.0047842333648024614, 0.010198039027185609, 0.030652170486860589, 0.0045000000000001705, 0.020928449536456423, 0.03050682983639337]