X_axis
[ 2  8 16 32 48 64 80]
GET operations TP, wt = 8
[  448.1487098   1521.17384938  2439.98358504  2947.867778    2912.53598558
  2933.07214919  2934.91348271]
GET operations TP STD, wt = 8
[0.0, 2.3022447852327863, 0.60036764908146678, 1.5763460961943889, 1.923811006136847, 1.5446934277757196, 1.0649310593575465]
GET operations Corrected RT, wt = 8
[  453.22697607  1556.06704055  2478.63468539  2980.20954598  2945.29723981
  2962.36866061  2969.43339499]
SET operations TP, wt = 8
[  465.49565764  1772.14089727  3486.41160295  4699.95744008  4773.07827164
  4807.0251546   4758.34619626]
SET operations TP STD, wt = 8
[0.44048337567448681, 0.41541733405510667, 0.53820348082875846, 0.48667870943545111, 1.2769315249567019, 4.1439512340419977, 0.25567935518920248]
SET operations Corrected RT, wt = 8
[  473.44748678  1826.83158896  3525.91177875  4776.59468604  4828.1642917
  4871.67451125  4800.480048  ]
GET operations TP, wt = 16
[  434.97055506  1537.86236643  2449.5763712   3200.29297361  3250.86000405
  3291.99789925  3278.53975581]
GET operations TP STD, wt = 16
[0.6532682915436766, 0.22932587589255657, 0.94404209401856465, 1.5775997422581303, 0.76548223845221586, 1.3732961688660281, 2.5967541864992878]
GET operations Corrected RT, wt = 16
[  446.96066746  1564.02737048  2480.74835909  3234.6648247   3298.51566795
  3339.33369857  3341.15255842]
SET operations TP, wt = 16
[  462.62199089  1787.16189523  3476.58341951  5046.90453753  5441.03295982
  5984.16510588  6008.11167823]
SET operations TP STD, wt = 16
[0.063097504156500756, 0.67274353472902304, 0.26923468091402553, 1.043487357622034, 1.9665781497105068, 1.1276735594071636, 0.32484236124043264]
SET operations Corrected RT, wt = 16
[  472.66425083  1835.42367697  3513.90922401  5149.38582846  5529.84773718
  6069.03527627  6092.76230611]
GET operations TP, wt = 32
[  447.75074656  1535.37856549  2490.51744867  3392.94334239  3820.48976656
  3611.2131791   3559.00482636]
GET operations TP STD, wt = 32
[0.021125970685040053, 0.088188955861204871, 0.37033036347464293, 0.93475695344557208, 0.78024685712642772, 0.11236670026999472, 0.43666069841656385]
GET operations Corrected RT, wt = 32
[  451.87528242  1558.13802506  2513.28638375  3437.0412803   3876.69942119
  3664.50677075  3618.79057003]
SET operations TP, wt = 32
[  466.9556666   1779.75419981  3475.82581286  4974.61778225  5838.44061418
  6425.70179395  6769.7106153 ]
SET operations TP STD, wt = 32
[0.048916688809858354, 0.23531771511470123, 0.11406670976077619, 0.45813038553554819, 0.7466821661078733, 1.7174075317046336, 0.16897275447099613]
SET operations Corrected RT, wt = 32
[  470.86521483  1822.11593213  3493.44978166  5063.82529803  5955.70444817
  6587.29886438  6901.50970525]
GET operations TP, wt = 64
[  446.90821865  1556.05137537  2518.09119472  3306.60396264  3894.85805324
  3610.64965715  3663.23129812]
GET operations TP STD, wt = 64
[0.033383546911841429, 0.0621408812072647, 0.20604698178462005, 0.29997369336679658, 0.61723762593241216, 0.073172425657158438, 0.47118441278232842]
GET operations Corrected RT, wt = 64
[  450.8058154   1571.70923379  2528.7780207   3332.81258137  3939.1618339
  3666.32613117  3722.17095621]
SET operations TP, wt = 64
[  466.88182228  1792.8461734   3410.68486685  4931.32061192  5836.52161332
  6463.28392248  6773.55590904]
SET operations TP STD, wt = 64
[0.01623032354781544, 0.055516295742605484, 0.055572003352745432, 0.11107301926944874, 0.065508903861947215, 0.34677521519520532, 0.2683940952630357]
SET operations Corrected RT, wt = 64
[  470.49598118  1827.94470467  3414.91178145  4999.21887205  5929.95243684
  6604.63356323  6906.67357334]