X_axis
[ 2  8 16 32 48 64 80]
GET operations TP, wt = 8
[  418.43435948  1498.83120965  2204.09619039  2311.79860902  2452.30316771
  2453.06496401  2469.8659886 ]
GET operations TP STD, wt = 8
[0.065825915473045171, 0.55853015305708886, 27.25315859665119, 22.503592253973199, 1.748629872731345, 0.98470524153525629, 1.8571278413146024]
GET operations Corrected RT, wt = 8
[  435.87228942  1546.98981565  2297.86011777  2327.32914737  2469.22048081
  2472.06056548  2470.17774987]
SET operations TP, wt = 8
[  436.33852845  1727.62273302  3371.08006286  3476.05276003  3497.95070806
  3524.66391937  3493.89698115]
SET operations TP STD, wt = 8
[0.010399598324692505, 0.39546346103631597, 1.6519989190414774, 2.299059805664986, 1.7237101483063468, 1.5035863325538279, 1.0671131655784585]
SET operations Corrected RT, wt = 8
[  459.13682277  1799.64007199  3435.1964503   3515.32461826  3519.06158358
  3524.94079201  3509.9008453 ]
GET operations TP, wt = 16
[  418.0306358   1505.09845594  2456.84948399  3117.22625256  3105.35177331
  3106.93653478  3121.7576284 ]
GET operations TP STD, wt = 16
[0.00042085186930052032, 0.26236952987480577, 1.1826881038849886, 2.0037597085163497, 0.51959576925030848, 0.49158244039780985, 2.0551265283482305]
GET operations Corrected RT, wt = 16
[  435.208356    1551.69069632  2496.09984399  3142.59525992  3126.08544634
  3120.63192797  3126.30262609]
SET operations TP, wt = 16
[  425.03688861  1740.67033687  3481.42612579  4753.58392694  4951.62981546
  4914.77472358  4923.9289092 ]
SET operations TP STD, wt = 16
[0.74618506468836698, 0.20871432867807885, 1.3450323152003589, 1.4786092942946163, 0.78713452732716549, 2.628420954458353, 1.7636491809582295]
SET operations Corrected RT, wt = 16
[  447.79461154  1804.37561086  3539.04003539  4876.31431909  5038.66475384
  4969.20130442  4965.24329692]
GET operations TP, wt = 32
[  420.05013959  1500.18257085  2460.13704389  3255.09520625  3423.99617314
  3630.78562548  3656.25781329]
GET operations TP STD, wt = 32
[0.19054872004590998, 0.36591493083132792, 0.64888396019835504, 0.78870830315923013, 0.31113815682191814, 1.291930325754622, 0.23088452264957654]
GET operations Corrected RT, wt = 32
[  440.43162299  1546.7904099   2497.52848743  3292.06817325  3437.4104841
  3653.45460773  3670.11759668]
SET operations TP, wt = 32
[  439.82271253  1748.50379319  3461.44689542  4798.32694883  5472.24233361
  5986.47021531  6131.14488898]
SET operations TP STD, wt = 32
[0.042253884264439101, 0.089167284183605228, 0.11749484341267556, 0.9597042009581449, 2.0802377608501899, 0.94931965599845114, 0.29759814564590414]
SET operations Corrected RT, wt = 32
[  462.21400508  1800.9905448   3516.99882767  5093.10838771  5681.14569772
  6139.08872902  6227.29631552]
GET operations TP, wt = 64
[  427.0698145   1549.79380769  2538.43413103  3453.03360338  3861.78931951
  3631.55650399  3541.68250914]
GET operations TP STD, wt = 64
[0.025723221689029664, 0.16820947013572035, 0.2768064008063415, 0.14972649251310502, 0.62742887013782123, 0.57253404248212147, 0.30920865308610923]
GET operations Corrected RT, wt = 64
[  442.47787611  1581.86132349  2565.33589867  3491.7979122   3894.52332657
  3653.94130857  3562.46938503]
SET operations TP, wt = 64
[  440.40841799  1754.86846661  3445.52177316  4879.61243368  5657.42936556
  6371.72442052  6491.9031441 ]
SET operations TP STD, wt = 64
[0.021939787115493381, 0.045881872965861312, 0.62806927828980152, 1.2496732762304286, 1.3691875665192939, 0.59128377906057161, 1.7913279557484008]
SET operations Corrected RT, wt = 64
[  461.94710706  1806.14087899  3519.57765068  5076.4105547   5957.92217464
  6636.25051846  6831.7677199 ]